21:40:45:383 - info:  canTransfer=true, limitFollowup=true, limitAttack=true, freeForAll=false, numCards=36, longerTurn=false
21:40:45:383 - notice: Game started 0
21:40:50:386 - info: Players timed out:  azaza 
21:40:50:386 - debug: DEAL ♠10 DECK => azaza
21:40:50:386 - debug: DEAL ♣K DECK => Robin
21:40:50:386 - debug: DEAL ♠9  DECK => azaza
21:40:50:386 - debug: DEAL ♦Q DECK => Robin
21:40:50:386 - debug: DEAL ♥7  DECK => azaza
21:40:50:386 - debug: DEAL ♦6  DECK => Robin
21:40:50:386 - debug: DEAL ♦J DECK => azaza
21:40:50:386 - debug: DEAL ♥Q DECK => Robin
21:40:50:386 - debug: DEAL ♠7  DECK => azaza
21:40:50:386 - debug: DEAL ♣Q DECK => Robin
21:40:50:386 - debug: DEAL ♦9  DECK => azaza
21:40:50:386 - debug: DEAL ♦8  DECK => Robin
21:40:52:115 - info: Player to go first:  azaza
21:40:55:832 - info: ==================================
21:40:55:832 - info: Turn 1 azaza => Robin <= 
21:40:55:833 - info: Cards in deck: 24
21:40:55:833 - info: azaza 6
21:40:55:833 - info: Robin 6
21:40:55:833 - debug: DEFAULT -> INITIAL_ATTACK
21:40:55:833 - debug: INITIAL_ATTACK -> ATTACK
21:41:20:833 - info: Players timed out:  azaza 
21:41:20:833 - info: azaza attacks
21:41:20:833 - debug: ATTACK ♠10 azaza => TABLE0
21:41:21:035 - debug: ATTACK -> ATTACK
21:41:26:035 - info: Players timed out:  azaza 
21:41:26:036 - info: azaza passes
21:41:26:036 - debug: ATTACK -> DEFENSE_TRANSFER
21:41:26:237 - debug: DEFENSE_TRANSFER -> ATTACK_DEFENSE
21:41:26:527 - info: Robin takes
21:41:26:528 - debug: ATTACK_DEFENSE -> FOLLOWUP
21:41:26:528 - debug: FOLLOWUP -> FOLLOWUP
21:41:31:529 - info: Players timed out:  azaza 
21:41:31:529 - info: azaza passes
21:41:31:731 - info: Attackers passed or have no cards
21:41:31:731 - debug: FOLLOWUP -> TAKE
21:41:31:731 - debug: TAKE ♠10 TABLE0 => Robin
21:41:31:731 - debug: TAKE -> END
21:41:33:403 - debug: END -> END_DEAL
21:41:33:404 - debug: DEAL ♦A DECK => azaza
21:41:33:404 - debug: END_DEAL -> ENDED
21:41:35:403 - info: Turn Ended 39.57
21:41:35:403 - info: ==================================
21:41:35:403 - info: Turn 2 azaza => Robin <= 
21:41:35:403 - info: Cards in deck: 23
21:41:35:403 - info: azaza 6
21:41:35:403 - info: Robin 7
21:41:35:403 - debug: DEFAULT -> INITIAL_ATTACK
21:41:35:403 - debug: INITIAL_ATTACK -> ATTACK
21:41:40:404 - info: Players timed out:  azaza 
21:41:40:404 - info: azaza attacks
21:41:40:404 - debug: ATTACK ♠9  azaza => TABLE0
21:41:40:605 - debug: ATTACK -> ATTACK
21:41:45:606 - info: Players timed out:  azaza 
21:41:45:606 - info: azaza passes
21:41:45:606 - debug: ATTACK -> DEFENSE_TRANSFER
21:41:45:807 - debug: DEFENSE_TRANSFER -> ATTACK_DEFENSE
21:41:46:017 - info: Robin defends
21:41:46:017 - debug: DEFENSE ♠10 Robin => TABLE0
21:41:46:017 - debug: ATTACK_DEFENSE -> ATTACK_DEFENSE
21:41:51:019 - info: Players timed out:  azaza Robin 
21:41:51:019 - info: azaza passes
21:41:51:220 - info: Attackers passed or have no cards
21:41:51:220 - debug: ATTACK_DEFENSE -> DEFENSE
21:41:51:220 - info: Defender successfully defended
21:41:51:220 - debug: DEFENSE -> END
21:41:51:220 - debug: DISCARD ♠9  TABLE0 => DISCARD_PILE
21:41:51:220 - debug: DISCARD ♠10 TABLE0 => DISCARD_PILE
21:41:51:220 - info: First discard, field expanded to 6
21:41:51:220 - debug: END -> END_DEAL
21:41:53:403 - debug: DEAL ♠8  DECK => azaza
21:41:53:403 - debug: END_DEAL -> ENDED
21:41:55:402 - info: Turn Ended 19.999
21:41:55:403 - info: ==================================
21:41:55:403 - info: Turn 3 Robin => azaza <= 
21:41:55:403 - info: Cards in deck: 22
21:41:55:403 - info: azaza 6
21:41:55:403 - info: Robin 6
21:41:55:403 - debug: DEFAULT -> INITIAL_ATTACK
21:41:55:403 - debug: INITIAL_ATTACK -> ATTACK
21:41:56:055 - info: Robin attacks
21:41:56:055 - debug: ATTACK ♦6  Robin => TABLE0
21:41:56:056 - debug: ATTACK -> ATTACK
21:41:56:949 - info: Robin passes
21:41:56:949 - debug: ATTACK -> DEFENSE_TRANSFER
21:41:56:949 - debug: DEFENSE_TRANSFER -> ATTACK_DEFENSE
21:42:01:950 - info: Players timed out:  azaza 
21:42:01:950 - info: azaza takes
21:42:01:951 - debug: ATTACK_DEFENSE -> FOLLOWUP
21:42:02:152 - debug: FOLLOWUP -> FOLLOWUP
21:42:03:416 - info: Robin passes
21:42:03:416 - info: Attackers passed or have no cards
21:42:03:416 - debug: FOLLOWUP -> TAKE
21:42:03:618 - debug: TAKE ♦6  TABLE0 => azaza
21:42:03:619 - debug: TAKE -> END
21:42:05:402 - debug: END -> END_DEAL
21:42:05:403 - debug: DEAL ♠Q DECK => Robin
21:42:05:403 - debug: END_DEAL -> ENDED
21:42:07:402 - info: Turn Ended 11.999
21:42:07:403 - info: ==================================
21:42:07:403 - info: Turn 4 Robin => azaza <= 
21:42:07:403 - info: Cards in deck: 21
21:42:07:403 - info: azaza 7
21:42:07:403 - info: Robin 6
21:42:07:403 - debug: DEFAULT -> INITIAL_ATTACK
21:42:07:403 - debug: INITIAL_ATTACK -> ATTACK
21:42:08:023 - info: Robin attacks
21:42:08:023 - debug: ATTACK ♦8  Robin => TABLE0
21:42:08:023 - debug: ATTACK -> ATTACK
21:42:09:692 - info: Robin passes
21:42:09:693 - debug: ATTACK -> DEFENSE_TRANSFER
21:42:09:693 - debug: DEFENSE_TRANSFER -> ATTACK_DEFENSE
21:42:14:694 - info: Players timed out:  azaza 
21:42:14:695 - info: azaza takes
21:42:14:695 - debug: ATTACK_DEFENSE -> FOLLOWUP
21:42:14:897 - debug: FOLLOWUP -> FOLLOWUP
21:42:15:480 - info: Robin passes
21:42:15:481 - info: Attackers passed or have no cards
21:42:15:481 - debug: FOLLOWUP -> TAKE
21:42:15:682 - debug: TAKE ♦8  TABLE0 => azaza
21:42:15:682 - debug: TAKE -> END
21:42:17:401 - debug: END -> END_DEAL
21:42:17:402 - debug: DEAL ♠A DECK => Robin
21:42:17:402 - debug: END_DEAL -> ENDED
21:42:19:402 - info: Turn Ended 11.999
21:42:19:402 - info: ==================================
21:42:19:403 - info: Turn 5 Robin => azaza <= 
21:42:19:403 - info: Cards in deck: 20
21:42:19:403 - info: azaza 8
21:42:19:403 - info: Robin 6
21:42:19:403 - debug: DEFAULT -> INITIAL_ATTACK
21:42:19:403 - debug: INITIAL_ATTACK -> ATTACK
21:42:20:894 - info: Robin attacks
21:42:20:894 - debug: ATTACK ♦Q Robin => TABLE0
21:42:20:894 - debug: ATTACK -> ATTACK
21:42:22:151 - info: Robin passes
21:42:22:152 - debug: ATTACK -> DEFENSE_TRANSFER
21:42:22:152 - debug: DEFENSE_TRANSFER -> ATTACK_DEFENSE
21:42:27:153 - info: Players timed out:  azaza 
21:42:27:153 - info: azaza takes
21:42:27:153 - debug: ATTACK_DEFENSE -> FOLLOWUP
21:42:27:354 - debug: FOLLOWUP -> FOLLOWUP
21:42:27:985 - info: Robin passes
21:42:27:985 - info: Attackers passed or have no cards
21:42:27:985 - debug: FOLLOWUP -> TAKE
21:42:29:411 - debug: TAKE ♦Q TABLE0 => azaza
21:42:29:411 - debug: TAKE -> END
21:42:31:401 - debug: END -> END_DEAL
21:42:31:402 - debug: DEAL ♣7  DECK => Robin
21:42:31:402 - debug: END_DEAL -> ENDED
21:42:33:400 - info: Turn Ended 13.997
21:42:33:401 - info: ==================================
21:42:33:401 - info: Turn 6 Robin => azaza <= 
21:42:33:401 - info: Cards in deck: 19
21:42:33:401 - info: azaza 9
21:42:33:401 - info: Robin 6
21:42:33:401 - debug: DEFAULT -> INITIAL_ATTACK
21:42:33:401 - debug: INITIAL_ATTACK -> ATTACK
21:42:33:894 - info: Robin attacks
21:42:33:894 - debug: ATTACK ♣7  Robin => TABLE0
21:42:33:894 - debug: ATTACK -> ATTACK
21:42:34:860 - info: Robin passes
21:42:34:860 - debug: ATTACK -> DEFENSE_TRANSFER
21:42:34:860 - debug: DEFENSE_TRANSFER -> ATTACK_DEFENSE
21:42:39:861 - info: Players timed out:  azaza 
21:42:39:861 - info: azaza takes
21:42:39:861 - debug: ATTACK_DEFENSE -> FOLLOWUP
21:42:40:061 - debug: FOLLOWUP -> FOLLOWUP
21:42:40:923 - info: Robin passes
21:42:40:923 - info: Attackers passed or have no cards
21:42:40:923 - debug: FOLLOWUP -> TAKE
21:42:41:123 - debug: TAKE ♣7  TABLE0 => azaza
21:42:41:123 - debug: TAKE -> END
21:42:42:766 - debug: END -> END_DEAL
21:42:42:767 - debug: DEAL ♦7  DECK => Robin
21:42:42:767 - debug: END_DEAL -> ENDED
21:42:42:968 - info: Turn Ended 9.567
21:42:42:969 - info: ==================================
21:42:42:969 - info: Turn 7 Robin => azaza <= 
21:42:42:969 - info: Cards in deck: 18
21:42:42:969 - info: azaza 10
21:42:42:969 - info: Robin 6
21:42:42:969 - debug: DEFAULT -> INITIAL_ATTACK
21:42:42:969 - debug: INITIAL_ATTACK -> ATTACK
21:42:43:653 - info: Robin attacks
21:42:43:653 - debug: ATTACK ♦7  Robin => TABLE0
21:42:43:653 - debug: ATTACK -> ATTACK
21:42:44:586 - notice: Player reconnected player_gAGCBGs
21:42:44:898 - info: Robin passes
21:42:44:899 - debug: ATTACK -> DEFENSE_TRANSFER
21:42:44:899 - debug: DEFENSE_TRANSFER -> ATTACK_DEFENSE
21:43:09:898 - info: Players timed out:  azaza 
21:43:09:898 - info: azaza takes
21:43:09:898 - debug: ATTACK_DEFENSE -> FOLLOWUP
21:43:10:100 - debug: FOLLOWUP -> FOLLOWUP
21:43:11:570 - info: Robin passes
21:43:11:570 - info: Attackers passed or have no cards
21:43:11:570 - debug: FOLLOWUP -> TAKE
21:43:11:772 - debug: TAKE ♦7  TABLE0 => azaza
21:43:11:772 - debug: TAKE -> END
21:43:13:398 - debug: END -> END_DEAL
21:43:13:399 - debug: DEAL ♥A DECK => Robin
21:43:13:399 - debug: END_DEAL -> ENDED
21:43:15:399 - info: Turn Ended 32.43
21:43:15:399 - info: ==================================
21:43:15:399 - info: Turn 8 Robin => azaza <= 
21:43:15:399 - info: Cards in deck: 17
21:43:15:399 - info: azaza 11
21:43:15:399 - info: Robin 6
21:43:15:399 - debug: DEFAULT -> INITIAL_ATTACK
21:43:15:399 - debug: INITIAL_ATTACK -> ATTACK
21:43:15:938 - info: Robin attacks
21:43:15:938 - debug: ATTACK ♣Q Robin => TABLE0
21:43:15:938 - debug: ATTACK -> ATTACK
21:43:16:496 - info: Robin passes
21:43:16:497 - debug: ATTACK -> DEFENSE_TRANSFER
21:43:16:497 - debug: DEFENSE_TRANSFER -> ATTACK_DEFENSE
21:43:21:498 - info: Players timed out:  azaza 
21:43:21:498 - info: azaza takes
21:43:21:498 - debug: ATTACK_DEFENSE -> FOLLOWUP
21:43:21:699 - debug: FOLLOWUP -> FOLLOWUP
21:43:23:224 - info: Robin passes
21:43:23:224 - info: Attackers passed or have no cards
21:43:23:224 - debug: FOLLOWUP -> TAKE
21:43:23:425 - debug: TAKE ♣Q TABLE0 => azaza
21:43:23:425 - debug: TAKE -> END
21:43:25:400 - debug: END -> END_DEAL
21:43:25:401 - debug: DEAL ♣8  DECK => Robin
21:43:25:401 - debug: END_DEAL -> ENDED
21:43:27:399 - info: Turn Ended 11.999
21:43:27:399 - info: ==================================
21:43:27:399 - info: Turn 9 Robin => azaza <= 
21:43:27:399 - info: Cards in deck: 16
21:43:27:399 - info: azaza 12
21:43:27:399 - info: Robin 6
21:43:27:399 - debug: DEFAULT -> INITIAL_ATTACK
21:43:27:399 - debug: INITIAL_ATTACK -> ATTACK
21:43:28:498 - info: Robin attacks
21:43:28:498 - debug: ATTACK ♣8  Robin => TABLE0
21:43:28:498 - debug: ATTACK -> ATTACK
21:43:29:480 - info: Robin passes
21:43:29:480 - debug: ATTACK -> DEFENSE_TRANSFER
21:43:29:480 - debug: DEFENSE_TRANSFER -> ATTACK_DEFENSE
21:43:34:481 - info: Players timed out:  azaza 
21:43:34:482 - info: azaza takes
21:43:34:482 - debug: ATTACK_DEFENSE -> FOLLOWUP
21:43:34:683 - debug: FOLLOWUP -> FOLLOWUP
21:43:35:361 - info: Robin passes
21:43:35:361 - info: Attackers passed or have no cards
21:43:35:361 - debug: FOLLOWUP -> TAKE
21:43:36:400 - debug: TAKE ♣8  TABLE0 => azaza
21:43:36:401 - debug: TAKE -> END
21:43:38:399 - debug: END -> END_DEAL
21:43:38:399 - debug: DEAL ♠J DECK => Robin
21:43:38:399 - debug: END_DEAL -> ENDED
21:43:40:400 - info: Turn Ended 13.001
21:43:40:401 - info: ==================================
21:43:40:401 - info: Turn 10 Robin => azaza <= 
21:43:40:401 - info: Cards in deck: 15
21:43:40:401 - info: azaza 13
21:43:40:401 - info: Robin 6
21:43:40:401 - debug: DEFAULT -> INITIAL_ATTACK
21:43:40:402 - debug: INITIAL_ATTACK -> ATTACK
21:43:40:761 - info: Robin attacks
21:43:40:761 - debug: ATTACK ♠J Robin => TABLE0
21:43:40:761 - debug: ATTACK -> ATTACK
21:43:41:830 - info: Robin passes
21:43:41:831 - debug: ATTACK -> DEFENSE_TRANSFER
21:43:41:831 - debug: DEFENSE_TRANSFER -> ATTACK_DEFENSE
21:43:46:831 - info: Players timed out:  azaza 
21:43:46:831 - info: azaza takes
21:43:46:831 - debug: ATTACK_DEFENSE -> FOLLOWUP
21:43:47:032 - debug: FOLLOWUP -> FOLLOWUP
21:43:48:650 - info: Robin passes
21:43:48:650 - info: Attackers passed or have no cards
21:43:48:650 - debug: FOLLOWUP -> TAKE
21:43:48:852 - debug: TAKE ♠J TABLE0 => azaza
21:43:48:852 - debug: TAKE -> END
21:43:49:564 - debug: END -> END_DEAL
21:43:49:565 - debug: DEAL ♥10 DECK => Robin
21:43:49:565 - debug: END_DEAL -> ENDED
21:43:49:766 - info: Turn Ended 9.365
21:43:49:766 - info: ==================================
21:43:49:766 - info: Turn 11 Robin => azaza <= 
21:43:49:766 - info: Cards in deck: 14
21:43:49:766 - info: azaza 14
21:43:49:766 - info: Robin 6
21:43:49:766 - debug: DEFAULT -> INITIAL_ATTACK
21:43:49:767 - debug: INITIAL_ATTACK -> ATTACK
21:43:51:217 - info: Robin attacks
21:43:51:217 - debug: ATTACK ♠Q Robin => TABLE0
21:43:51:218 - debug: ATTACK -> ATTACK
21:43:52:097 - info: Robin passes
21:43:52:097 - debug: ATTACK -> DEFENSE_TRANSFER
21:43:52:097 - debug: DEFENSE_TRANSFER -> ATTACK_DEFENSE
21:43:57:097 - info: Players timed out:  azaza 
21:43:57:097 - info: azaza takes
21:43:57:098 - debug: ATTACK_DEFENSE -> FOLLOWUP
21:43:57:299 - debug: FOLLOWUP -> FOLLOWUP
21:43:58:920 - info: Robin passes
21:43:58:920 - info: Attackers passed or have no cards
21:43:58:920 - debug: FOLLOWUP -> TAKE
21:43:59:121 - debug: TAKE ♠Q TABLE0 => azaza
21:43:59:121 - debug: TAKE -> END
21:44:01:396 - debug: END -> END_DEAL
21:44:01:396 - debug: DEAL ♣9  DECK => Robin
21:44:01:396 - debug: END_DEAL -> ENDED
21:44:03:399 - info: Turn Ended 13.633
21:44:03:399 - info: ==================================
21:44:03:399 - info: Turn 12 Robin => azaza <= 
21:44:03:399 - info: Cards in deck: 13
21:44:03:399 - info: azaza 15
21:44:03:399 - info: Robin 6
21:44:03:400 - debug: DEFAULT -> INITIAL_ATTACK
21:44:03:400 - debug: INITIAL_ATTACK -> ATTACK
21:44:04:483 - info: Robin attacks
21:44:04:483 - debug: ATTACK ♣9  Robin => TABLE0
21:44:04:483 - debug: ATTACK -> ATTACK
21:44:05:591 - info: Robin passes
21:44:05:591 - debug: ATTACK -> DEFENSE_TRANSFER
21:44:05:591 - debug: DEFENSE_TRANSFER -> ATTACK_DEFENSE
21:44:10:592 - info: Players timed out:  azaza 
21:44:10:592 - info: azaza takes
21:44:10:592 - debug: ATTACK_DEFENSE -> FOLLOWUP
21:44:10:795 - debug: FOLLOWUP -> FOLLOWUP
21:44:12:317 - info: Robin passes
21:44:12:317 - info: Attackers passed or have no cards
21:44:12:318 - debug: FOLLOWUP -> TAKE
21:44:12:519 - debug: TAKE ♣9  TABLE0 => azaza
21:44:12:519 - debug: TAKE -> END
21:44:14:397 - debug: END -> END_DEAL
21:44:14:397 - debug: DEAL ♥8  DECK => Robin
21:44:14:397 - debug: END_DEAL -> ENDED
21:44:14:748 - info: Turn Ended 11.348
21:44:14:748 - info: ==================================
21:44:14:748 - info: Turn 13 Robin => azaza <= 
21:44:14:748 - info: Cards in deck: 12
21:44:14:748 - info: azaza 16
21:44:14:748 - info: Robin 6
21:44:14:748 - debug: DEFAULT -> INITIAL_ATTACK
21:44:14:748 - debug: INITIAL_ATTACK -> ATTACK
21:44:15:890 - notice: Player reconnected player_gAGCBGs
21:44:16:031 - info: Robin attacks
21:44:16:031 - debug: ATTACK ♣K Robin => TABLE0
21:44:16:031 - debug: ATTACK -> ATTACK
21:44:16:992 - info: Robin passes
21:44:16:992 - debug: ATTACK -> DEFENSE_TRANSFER
21:44:16:992 - debug: DEFENSE_TRANSFER -> ATTACK_DEFENSE
21:44:41:993 - info: Players timed out:  azaza 
21:44:41:993 - info: azaza takes
21:44:41:993 - debug: ATTACK_DEFENSE -> FOLLOWUP
21:44:42:195 - debug: FOLLOWUP -> FOLLOWUP
21:44:43:593 - info: Robin passes
21:44:43:593 - info: Attackers passed or have no cards
21:44:43:593 - debug: FOLLOWUP -> TAKE
21:44:43:793 - debug: TAKE ♣K TABLE0 => azaza
21:44:43:794 - debug: TAKE -> END
21:44:45:395 - debug: END -> END_DEAL
21:44:45:396 - debug: DEAL ♦K DECK => Robin
21:44:45:396 - debug: END_DEAL -> ENDED
21:44:47:396 - info: Turn Ended 32.648
21:44:47:396 - info: ==================================
21:44:47:396 - info: Turn 14 Robin => azaza <= 
21:44:47:396 - info: Cards in deck: 11
21:44:47:396 - info: azaza 17
21:44:47:396 - info: Robin 6
21:44:47:396 - debug: DEFAULT -> INITIAL_ATTACK
21:44:47:397 - debug: INITIAL_ATTACK -> ATTACK
21:44:49:043 - info: Robin attacks
21:44:49:043 - debug: ATTACK ♦K Robin => TABLE0
21:44:49:043 - debug: ATTACK -> ATTACK
21:44:50:709 - info: Robin passes
21:44:50:709 - debug: ATTACK -> DEFENSE_TRANSFER
21:44:50:709 - debug: DEFENSE_TRANSFER -> ATTACK_DEFENSE
21:44:55:711 - info: Players timed out:  azaza 
21:44:55:711 - info: azaza takes
21:44:55:711 - debug: ATTACK_DEFENSE -> FOLLOWUP
21:44:55:911 - debug: FOLLOWUP -> FOLLOWUP
21:44:57:392 - info: Robin passes
21:44:57:392 - info: Attackers passed or have no cards
21:44:57:392 - debug: FOLLOWUP -> TAKE
21:44:57:594 - debug: TAKE ♦K TABLE0 => azaza
21:44:57:594 - debug: TAKE -> END
21:44:59:395 - debug: END -> END_DEAL
21:44:59:396 - debug: DEAL ♥6  DECK => Robin
21:44:59:396 - debug: END_DEAL -> ENDED
21:45:01:394 - info: Turn Ended 13.998
21:45:01:395 - info: ==================================
21:45:01:395 - info: Turn 15 Robin => azaza <= 
21:45:01:395 - info: Cards in deck: 10
21:45:01:395 - info: azaza 18
21:45:01:395 - info: Robin 6
21:45:01:395 - debug: DEFAULT -> INITIAL_ATTACK
21:45:01:395 - debug: INITIAL_ATTACK -> ATTACK
21:45:01:761 - info: Robin attacks
21:45:01:762 - debug: ATTACK ♠A Robin => TABLE0
21:45:01:762 - debug: ATTACK -> ATTACK
21:45:02:512 - info: Robin passes
21:45:02:512 - debug: ATTACK -> DEFENSE_TRANSFER
21:45:02:512 - debug: DEFENSE_TRANSFER -> ATTACK_DEFENSE
21:45:07:513 - info: Players timed out:  azaza 
21:45:07:513 - info: azaza takes
21:45:07:513 - debug: ATTACK_DEFENSE -> FOLLOWUP
21:45:07:715 - debug: FOLLOWUP -> FOLLOWUP
21:45:08:543 - info: Robin passes
21:45:08:543 - info: Attackers passed or have no cards
21:45:08:543 - debug: FOLLOWUP -> TAKE
21:45:08:744 - debug: TAKE ♠A TABLE0 => azaza
21:45:08:744 - debug: TAKE -> END
21:45:08:944 - debug: END -> END_DEAL
21:45:08:944 - debug: DEAL ♥K DECK => Robin
21:45:08:944 - debug: END_DEAL -> ENDED
21:45:09:046 - notice: Player reconnected player_gAGCBGs
21:45:09:144 - info: Turn Ended 7.749
21:45:09:145 - info: ==================================
21:45:09:145 - info: Turn 16 Robin => azaza <= 
21:45:09:145 - info: Cards in deck: 9
21:45:09:145 - info: azaza 19
21:45:09:145 - info: Robin 6
21:45:09:145 - debug: DEFAULT -> INITIAL_ATTACK
21:45:09:145 - debug: INITIAL_ATTACK -> ATTACK
21:45:10:440 - info: Robin attacks
21:45:10:441 - debug: ATTACK ♥6  Robin => TABLE0
21:45:10:441 - debug: ATTACK -> ATTACK
21:45:11:293 - info: Robin passes
21:45:11:293 - debug: ATTACK -> DEFENSE_TRANSFER
21:45:11:294 - debug: DEFENSE_TRANSFER -> ATTACK_DEFENSE
21:45:35:513 - notice: Player reconnected player_gAGCBGs
21:45:35:864 - warn: azaza Wating for action but no action recieved
21:45:36:294 - info: Players timed out:  azaza 
21:45:36:294 - info: azaza takes
21:45:36:294 - debug: ATTACK_DEFENSE -> FOLLOWUP
21:45:36:495 - debug: FOLLOWUP -> FOLLOWUP
21:45:37:957 - info: Robin passes
21:45:37:957 - info: Attackers passed or have no cards
21:45:37:957 - debug: FOLLOWUP -> TAKE
21:45:38:158 - debug: TAKE ♥6  TABLE0 => azaza
21:45:38:158 - debug: TAKE -> END
21:45:38:472 - debug: END -> END_DEAL
21:45:38:473 - debug: DEAL ♠6  DECK => Robin
21:45:38:473 - debug: END_DEAL -> ENDED
21:45:38:673 - info: Turn Ended 29.528
21:45:38:674 - info: ==================================
21:45:38:674 - info: Turn 17 Robin => azaza <= 
21:45:38:674 - info: Cards in deck: 8
21:45:38:674 - info: azaza 20
21:45:38:674 - info: Robin 6
21:45:38:674 - debug: DEFAULT -> INITIAL_ATTACK
21:45:38:674 - debug: INITIAL_ATTACK -> ATTACK
21:45:40:088 - info: Robin attacks
21:45:40:088 - debug: ATTACK ♠6  Robin => TABLE0
21:45:40:088 - debug: ATTACK -> ATTACK
21:45:41:349 - info: Robin passes
21:45:41:350 - debug: ATTACK -> DEFENSE_TRANSFER
21:45:41:350 - debug: DEFENSE_TRANSFER -> ATTACK_DEFENSE
21:45:46:353 - info: Players timed out:  azaza 
21:45:46:353 - info: azaza takes
21:45:46:353 - debug: ATTACK_DEFENSE -> FOLLOWUP
21:45:46:555 - debug: FOLLOWUP -> FOLLOWUP
21:45:48:248 - info: Robin passes
21:45:48:248 - info: Attackers passed or have no cards
21:45:48:248 - debug: FOLLOWUP -> TAKE
21:45:48:451 - debug: TAKE ♠6  TABLE0 => azaza
21:45:48:451 - debug: TAKE -> END
21:45:48:763 - debug: END -> END_DEAL
21:45:48:763 - debug: DEAL ♥9  DECK => Robin
21:45:48:763 - debug: END_DEAL -> ENDED
21:45:48:964 - info: Turn Ended 10.29
21:45:48:964 - info: ==================================
21:45:48:965 - info: Turn 18 Robin => azaza <= 
21:45:48:965 - info: Cards in deck: 7
21:45:48:965 - info: azaza 21
21:45:48:965 - info: Robin 6
21:45:48:965 - debug: DEFAULT -> INITIAL_ATTACK
21:45:48:965 - debug: INITIAL_ATTACK -> ATTACK
21:45:49:250 - notice: Player conceded player_gAGCBGs
21:45:49:250 - notice: Shutting down
